<?xml version="1.0" encoding="UTF-8"?>
<!-- Generated by org.testng.reporters.JUnitReportReporter -->
<testsuite skipped="0" hostname="Alexeys-MacBook-Pro.local" name="tests.LivongoTest" tests="1" failures="0" timestamp="19 Apr 2018 05:00:10 GMT" time="14.778" errors="0">
  <testcase name="firstTest" time="14.778" classname="tests.LivongoTest"/>
</testsuite> <!-- tests.LivongoTest -->
